<?xml version="1.0" encoding="UTF-8"?>
<!-- Generated by org.testng.reporters.JUnitReportReporter -->
<testsuite skipped="0" hostname="DESKTOP-JCBJG3I" name="com.qa.capsulecrm.tests.AddOrganizationTest" tests="3" failures="0" timestamp="2022-07-15T23:55:51 IST" time="22.268" errors="0">
  <testcase name="createOrganizationTest" time="7.215" classname="com.qa.capsulecrm.tests.AddOrganizationTest"/>
  <system-out/>
  <testcase name="createOrganizationTest" time="8.055" classname="com.qa.capsulecrm.tests.AddOrganizationTest"/>
  <system-out/>
  <testcase name="createOrganizationTest" time="6.998" classname="com.qa.capsulecrm.tests.AddOrganizationTest"/>
  <system-out/>
</testsuite> <!-- com.qa.capsulecrm.tests.AddOrganizationTest -->
