<?xml version="1.0" encoding="UTF-8"?>
<!-- Generated by org.testng.reporters.JUnitReportReporter -->
<testsuite skipped="0" hostname="DESKTOP-JCBJG3I" name="com.qa.capsulecrm.tests.AddOrganizationTest" tests="3" failures="0" timestamp="2022-07-15T17:27:50 IST" time="33.548" errors="0">
  <testcase name="createOrganizationTest" time="8.500" classname="com.qa.capsulecrm.tests.AddOrganizationTest"/>
  <system-out/>
  <testcase name="createOrganizationTest" time="11.472" classname="com.qa.capsulecrm.tests.AddOrganizationTest"/>
  <system-out/>
  <testcase name="createOrganizationTest" time="13.576" classname="com.qa.capsulecrm.tests.AddOrganizationTest"/>
  <system-out/>
</testsuite> <!-- com.qa.capsulecrm.tests.AddOrganizationTest -->
