<?xml version="1.0" encoding="UTF-8"?>
<!-- Generated by org.testng.reporters.JUnitReportReporter -->
<testsuite skipped="0" hostname="DESKTOP-JCBJG3I" name="com.qa.capsulecrm.tests.HomePageTest" tests="1" failures="0" timestamp="2022-07-15T17:27:50 IST" time="17.370" errors="0">
  <testcase name="test" time="17.370" classname="com.qa.capsulecrm.tests.HomePageTest"/>
  <system-out/>
</testsuite> <!-- com.qa.capsulecrm.tests.HomePageTest -->
