<?xml version="1.0" encoding="UTF-8"?>
<!-- Generated by org.testng.reporters.JUnitReportReporter -->
<testsuite skipped="0" hostname="DESKTOP-JCBJG3I" name="com.qa.capsulecrm.tests.LogoutPageTest" tests="1" failures="0" timestamp="2022-07-15T23:55:51 IST" time="9.303" errors="0">
  <testcase name="verifyLogoutTest" time="9.303" classname="com.qa.capsulecrm.tests.LogoutPageTest"/>
  <system-out/>
</testsuite> <!-- com.qa.capsulecrm.tests.LogoutPageTest -->
